This is pdfTeX, Version 3.14159265-2.6-1.40.16 (TeX Live 2015/Debian) (preloaded format=pdflatex 2019.8.12)  24 FEB 2020 15:25
entering extended mode
 restricted \write18 enabled.
 %&-line parsing enabled.
**Reconstruction-TD_100_NP_8_Summary.tex
(./Reconstruction-TD_100_NP_8_Summary.tex
LaTeX2e <2016/02/01>
Babel <3.9q> and hyphenation patterns for 3 language(s) loaded.
(/usr/share/texlive/texmf-dist/tex/latex/base/article.cls
Document Class: article 2014/09/29 v1.4h Standard LaTeX document class
(/usr/share/texlive/texmf-dist/tex/latex/base/size10.clo
File: size10.clo 2014/09/29 v1.4h Standard LaTeX file (size option)
)
\c@part=\count79
\c@section=\count80
\c@subsection=\count81
\c@subsubsection=\count82
\c@paragraph=\count83
\c@subparagraph=\count84
\c@figure=\count85
\c@table=\count86
\abovecaptionskip=\skip41
\belowcaptionskip=\skip42
\bibindent=\dimen102
)
(/usr/share/texlive/texmf-dist/tex/latex/pdfpages/pdfpages.sty
Package: pdfpages 2015/09/18 v0.5d Insert pages of external PDF documents (AM)

(/usr/share/texlive/texmf-dist/tex/latex/base/ifthen.sty
Package: ifthen 2014/09/29 v1.1c Standard LaTeX ifthen package (DPC)
)
(/usr/share/texlive/texmf-dist/tex/latex/tools/calc.sty
Package: calc 2014/10/28 v4.3 Infix arithmetic (KKT,FJ)
\calc@Acount=\count87
\calc@Bcount=\count88
\calc@Adimen=\dimen103
\calc@Bdimen=\dimen104
\calc@Askip=\skip43
\calc@Bskip=\skip44
LaTeX Info: Redefining \setlength on input line 80.
LaTeX Info: Redefining \addtolength on input line 81.
\calc@Ccount=\count89
\calc@Cskip=\skip45
)
(/usr/share/texlive/texmf-dist/tex/latex/eso-pic/eso-pic.sty
Package: eso-pic 2015/07/21 v2.0g eso-pic (RN)

(/usr/share/texlive/texmf-dist/tex/generic/oberdiek/atbegshi.sty
Package: atbegshi 2011/10/05 v1.16 At begin shipout hook (HO)

(/usr/share/texlive/texmf-dist/tex/generic/oberdiek/infwarerr.sty
Package: infwarerr 2010/04/08 v1.3 Providing info/warning/error messages (HO)
)
(/usr/share/texlive/texmf-dist/tex/generic/oberdiek/ltxcmds.sty
Package: ltxcmds 2011/11/09 v1.22 LaTeX kernel commands for general use (HO)
)
(/usr/share/texlive/texmf-dist/tex/generic/oberdiek/ifpdf.sty
Package: ifpdf 2011/01/30 v2.3 Provides the ifpdf switch (HO)
Package ifpdf Info: pdfTeX in PDF mode is detected.
))
(/usr/share/texlive/texmf-dist/tex/latex/graphics/keyval.sty
Package: keyval 2014/10/28 v1.15 key=value parser (DPC)
\KV@toks@=\toks14
)
(/usr/share/texlive/texmf-dist/tex/latex/xcolor/xcolor.sty
Package: xcolor 2007/01/21 v2.11 LaTeX color extensions (UK)

(/usr/share/texlive/texmf-dist/tex/latex/latexconfig/color.cfg
File: color.cfg 2007/01/18 v1.5 color configuration of teTeX/TeXLive
)
Package xcolor Info: Driver file: pdftex.def on input line 225.

(/usr/share/texlive/texmf-dist/tex/latex/pdftex-def/pdftex.def
File: pdftex.def 2011/05/27 v0.06d Graphics/color for pdfTeX
\Gread@gobject=\count90
)
Package xcolor Info: Model `cmy' substituted by `cmy0' on input line 1337.
Package xcolor Info: Model `hsb' substituted by `rgb' on input line 1341.
Package xcolor Info: Model `RGB' extended on input line 1353.
Package xcolor Info: Model `HTML' substituted by `rgb' on input line 1355.
Package xcolor Info: Model `Hsb' substituted by `hsb' on input line 1356.
Package xcolor Info: Model `tHsb' substituted by `hsb' on input line 1357.
Package xcolor Info: Model `HSB' substituted by `hsb' on input line 1358.
Package xcolor Info: Model `Gray' substituted by `gray' on input line 1359.
Package xcolor Info: Model `wave' substituted by `hsb' on input line 1360.
))
(/usr/share/texlive/texmf-dist/tex/latex/graphics/graphicx.sty
Package: graphicx 2014/10/28 v1.0g Enhanced LaTeX Graphics (DPC,SPQR)

(/usr/share/texlive/texmf-dist/tex/latex/graphics/graphics.sty
Package: graphics 2016/01/03 v1.0q Standard LaTeX Graphics (DPC,SPQR)

(/usr/share/texlive/texmf-dist/tex/latex/graphics/trig.sty
Package: trig 2016/01/03 v1.10 sin cos tan (DPC)
)
(/usr/share/texlive/texmf-dist/tex/latex/latexconfig/graphics.cfg
File: graphics.cfg 2010/04/23 v1.9 graphics configuration of TeX Live
)
Package graphics Info: Driver file: pdftex.def on input line 95.
)
\Gin@req@height=\dimen105
\Gin@req@width=\dimen106
)
\AM@pagewidth=\dimen107
\AM@pageheight=\dimen108

(/usr/share/texlive/texmf-dist/tex/latex/pdfpages/pppdftex.def
File: pppdftex.def 2015/09/18 v0.5d Pdfpages driver for pdfTeX (AM)
)
\AM@pagebox=\box26
\AM@toc@title=\toks15
\c@AM@survey=\count91
\AM@templatesizebox=\box27
)
(/usr/share/texlive/texmf-dist/tex/latex/booktabs/booktabs.sty
Package: booktabs 2005/04/14 v1.61803 publication quality tables
\heavyrulewidth=\dimen109
\lightrulewidth=\dimen110
\cmidrulewidth=\dimen111
\belowrulesep=\dimen112
\belowbottomsep=\dimen113
\aboverulesep=\dimen114
\abovetopsep=\dimen115
\cmidrulesep=\dimen116
\cmidrulekern=\dimen117
\defaultaddspace=\dimen118
\@cmidla=\count92
\@cmidlb=\count93
\@aboverulesep=\dimen119
\@belowrulesep=\dimen120
\@thisruleclass=\count94
\@lastruleclass=\count95
\@thisrulewidth=\dimen121
)
(./Reconstruction-TD_100_NP_8_Summary.aux)
\openout1 = `Reconstruction-TD_100_NP_8_Summary.aux'.

LaTeX Font Info:    Checking defaults for OML/cmm/m/it on input line 6.
LaTeX Font Info:    ... okay on input line 6.
LaTeX Font Info:    Checking defaults for T1/cmr/m/n on input line 6.
LaTeX Font Info:    ... okay on input line 6.
LaTeX Font Info:    Checking defaults for OT1/cmr/m/n on input line 6.
LaTeX Font Info:    ... okay on input line 6.
LaTeX Font Info:    Checking defaults for OMS/cmsy/m/n on input line 6.
LaTeX Font Info:    ... okay on input line 6.
LaTeX Font Info:    Checking defaults for OMX/cmex/m/n on input line 6.
LaTeX Font Info:    ... okay on input line 6.
LaTeX Font Info:    Checking defaults for U/cmr/m/n on input line 6.
LaTeX Font Info:    ... okay on input line 6.
\AtBeginShipoutBox=\box28

(/usr/share/texlive/texmf-dist/tex/context/base/supp-pdf.mkii
[Loading MPS to PDF converter (version 2006.09.02).]
\scratchcounter=\count96
\scratchdimen=\dimen122
\scratchbox=\box29
\nofMPsegments=\count97
\nofMParguments=\count98
\everyMPshowfont=\toks16
\MPscratchCnt=\count99
\MPscratchDim=\dimen123
\MPnumerator=\count100
\makeMPintoPDFobject=\count101
\everyMPtoPDFconversion=\toks17
) (/usr/share/texlive/texmf-dist/tex/generic/oberdiek/pdftexcmds.sty
Package: pdftexcmds 2011/11/29 v0.20 Utility functions of pdfTeX for LuaTeX (HO
)

(/usr/share/texlive/texmf-dist/tex/generic/oberdiek/ifluatex.sty
Package: ifluatex 2010/03/01 v1.3 Provides the ifluatex switch (HO)
Package ifluatex Info: LuaTeX not detected.
)
Package pdftexcmds Info: LuaTeX not detected.
Package pdftexcmds Info: \pdf@primitive is available.
Package pdftexcmds Info: \pdf@ifprimitive is available.
Package pdftexcmds Info: \pdfdraftmode found.
)
(/usr/share/texlive/texmf-dist/tex/latex/oberdiek/epstopdf-base.sty
Package: epstopdf-base 2010/02/09 v2.5 Base part for package epstopdf

(/usr/share/texlive/texmf-dist/tex/latex/oberdiek/grfext.sty
Package: grfext 2010/08/19 v1.1 Manage graphics extensions (HO)

(/usr/share/texlive/texmf-dist/tex/generic/oberdiek/kvdefinekeys.sty
Package: kvdefinekeys 2011/04/07 v1.3 Define keys (HO)
))
(/usr/share/texlive/texmf-dist/tex/latex/oberdiek/kvoptions.sty
Package: kvoptions 2011/06/30 v3.11 Key value format for package options (HO)

(/usr/share/texlive/texmf-dist/tex/generic/oberdiek/kvsetkeys.sty
Package: kvsetkeys 2012/04/25 v1.16 Key value parser (HO)

(/usr/share/texlive/texmf-dist/tex/generic/oberdiek/etexcmds.sty
Package: etexcmds 2011/02/16 v1.5 Avoid name clashes with e-TeX commands (HO)
Package etexcmds Info: Could not find \expanded.
(etexcmds)             That can mean that you are not using pdfTeX 1.50 or
(etexcmds)             that some package has redefined \expanded.
(etexcmds)             In the latter case, load this package earlier.
)))
Package grfext Info: Graphics extension search list:
(grfext)             [.png,.pdf,.jpg,.mps,.jpeg,.jbig2,.jb2,.PNG,.PDF,.JPG,.JPE
G,.JBIG2,.JB2,.eps]
(grfext)             \AppendGraphicsExtensions on input line 452.

(/usr/share/texlive/texmf-dist/tex/latex/latexconfig/epstopdf-sys.cfg
File: epstopdf-sys.cfg 2010/07/13 v1.3 Configuration of (r)epstopdf for TeX Liv
e
))
(/usr/share/texlive/texmf-dist/tex/latex/oberdiek/pdflscape.sty
Package: pdflscape 2008/08/11 v0.10 Display of landscape pages in PDF (HO)

(/usr/share/texlive/texmf-dist/tex/latex/graphics/lscape.sty
Package: lscape 2000/10/22 v3.01 Landscape Pages (DPC)
)
Package pdflscape Info: Auto-detected driver: pdftex on input line 80.

(/usr/share/texlive/texmf-dist/tex/generic/ifxetex/ifxetex.sty
Package: ifxetex 2010/09/12 v0.6 Provides ifxetex conditional
))
LaTeX Font Info:    External font `cmex10' loaded for size
(Font)              <7> on input line 8.
LaTeX Font Info:    External font `cmex10' loaded for size
(Font)              <5> on input line 8.

<Alex_LC.pdf, id=1, 867.24pt x 578.16pt>
File: Alex_LC.pdf Graphic file (type pdf)
 <use Alex_LC.pdf>
Package pdftex.def Info: Alex_LC.pdf used on input line 15.
(pdftex.def)             Requested size: 345.0pt x 229.99835pt.

! Argument of \@caption has an extra }.
<inserted text> 
                \par 
l.16 ...xis = Time Delay in Days, Y-Axis = Flux.}}
                                                  
? 
Runaway argument?
\@captype {\@firstoftwo {\nobreak \@xcentercr }}\def \reserved@b {\@xcentercr \
ETC.
! Paragraph ended before \@caption was complete.
<to be read again> 
                   \par 
l.16 ...xis = Time Delay in Days, Y-Axis = Flux.}}
                                                  
? 
<Reconstruction-TD_100_NP_8.pdf, id=2, 724.34677pt x 249.44379pt>
File: Reconstruction-TD_100_NP_8.pdf Graphic file (type pdf)

<use Reconstruction-TD_100_NP_8.pdf>
Package pdftex.def Info: Reconstruction-TD_100_NP_8.pdf used on input line 42.
(pdftex.def)             Requested size: 724.345pt x 249.44318pt.
File: Reconstruction-TD_100_NP_8.pdf Graphic file (type pdf)
 <use Reconstruction-TD_100_NP_8.pdf>
Package pdftex.def Info: Reconstruction-TD_100_NP_8.pdf used on input line 42.
(pdftex.def)             Requested size: 724.345pt x 249.44318pt.

<Reconstruction-TD_100_NP_8.pdf, id=5, page=1, 724.34677pt x 249.44379pt>
File: Reconstruction-TD_100_NP_8.pdf Graphic file (type pdf)

<use Reconstruction-TD_100_NP_8.pdf, page 1>
Package pdftex.def Info: Reconstruction-TD_100_NP_8.pdf, page1 used on input li
ne 42.
(pdftex.def)             Requested size: 724.345pt x 249.44318pt.
File: Reconstruction-TD_100_NP_8.pdf Graphic file (type pdf)

<use Reconstruction-TD_100_NP_8.pdf, page 1>
Package pdftex.def Info: Reconstruction-TD_100_NP_8.pdf, page1 used on input li
ne 42.
(pdftex.def)             Requested size: 614.58134pt x 211.64378pt.
 [1

{/var/lib/texmf/fonts/map/pdftex/updmap/pdftex.map} <./Alex_LC.pdf>]
File: Reconstruction-TD_100_NP_8.pdf Graphic file (type pdf)

<use Reconstruction-TD_100_NP_8.pdf, page 1>
Package pdftex.def Info: Reconstruction-TD_100_NP_8.pdf, page1 used on input li
ne 42.
(pdftex.def)             Requested size: 614.58134pt x 211.64378pt.
File: Reconstruction-TD_100_NP_8.pdf Graphic file (type pdf)

<use Reconstruction-TD_100_NP_8.pdf, page 1>
Package pdftex.def Info: Reconstruction-TD_100_NP_8.pdf, page1 used on input li
ne 42.
(pdftex.def)             Requested size: 614.58134pt x 211.64378pt.
File: Reconstruction-TD_100_NP_8.pdf Graphic file (type pdf)

<use Reconstruction-TD_100_NP_8.pdf, page 1>
Package pdftex.def Info: Reconstruction-TD_100_NP_8.pdf, page1 used on input li
ne 42.
(pdftex.def)             Requested size: 614.58134pt x 211.64378pt.
 [2 <./Reconstruction-TD_100_NP_8.pdf>] <Reconstruction-TD_100_NP_8_plots.pdf, 
id=86, 1300.86pt x 289.08pt>
File: Reconstruction-TD_100_NP_8_plots.pdf Graphic file (type pdf)

<use Reconstruction-TD_100_NP_8_plots.pdf>
Package pdftex.def Info: Reconstruction-TD_100_NP_8_plots.pdf used on input lin
e 44.
(pdftex.def)             Requested size: 1300.85684pt x 289.07928pt.
File: Reconstruction-TD_100_NP_8_plots.pdf Graphic file (type pdf)

<use Reconstruction-TD_100_NP_8_plots.pdf>
Package pdftex.def Info: Reconstruction-TD_100_NP_8_plots.pdf used on input lin
e 44.
(pdftex.def)             Requested size: 1300.85684pt x 289.07928pt.

<Reconstruction-TD_100_NP_8_plots.pdf, id=89, page=1, 1300.86pt x 289.08pt>
File: Reconstruction-TD_100_NP_8_plots.pdf Graphic file (type pdf)

<use Reconstruction-TD_100_NP_8_plots.pdf, page 1>
Package pdftex.def Info: Reconstruction-TD_100_NP_8_plots.pdf, page1 used on in
put line 44.
(pdftex.def)             Requested size: 1300.85684pt x 289.07928pt.
File: Reconstruction-TD_100_NP_8_plots.pdf Graphic file (type pdf)

<use Reconstruction-TD_100_NP_8_plots.pdf, page 1>
Package pdftex.def Info: Reconstruction-TD_100_NP_8_plots.pdf, page1 used on in
put line 44.
(pdftex.def)             Requested size: 1300.85684pt x 289.07928pt.
File: Reconstruction-TD_100_NP_8_plots.pdf Graphic file (type pdf)

<use Reconstruction-TD_100_NP_8_plots.pdf, page 1>
Package pdftex.def Info: Reconstruction-TD_100_NP_8_plots.pdf, page1 used on in
put line 44.
(pdftex.def)             Requested size: 1300.85684pt x 289.07928pt.
File: Reconstruction-TD_100_NP_8_plots.pdf Graphic file (type pdf)

<use Reconstruction-TD_100_NP_8_plots.pdf, page 1>
Package pdftex.def Info: Reconstruction-TD_100_NP_8_plots.pdf, page1 used on in
put line 44.
(pdftex.def)             Requested size: 1300.85684pt x 289.07928pt.

<Reconstruction-TD_100_NP_8_plots.pdf, id=90, page=2, 1300.86pt x 289.08pt>
File: Reconstruction-TD_100_NP_8_plots.pdf Graphic file (type pdf)

<use Reconstruction-TD_100_NP_8_plots.pdf, page 2>
Package pdftex.def Info: Reconstruction-TD_100_NP_8_plots.pdf, page2 used on in
put line 44.
(pdftex.def)             Requested size: 1300.85684pt x 289.07928pt.
File: Reconstruction-TD_100_NP_8_plots.pdf Graphic file (type pdf)

<use Reconstruction-TD_100_NP_8_plots.pdf, page 2>
Package pdftex.def Info: Reconstruction-TD_100_NP_8_plots.pdf, page2 used on in
put line 44.
(pdftex.def)             Requested size: 1300.85684pt x 289.07928pt.

<Reconstruction-TD_100_NP_8_plots.pdf, id=91, page=3, 1300.86pt x 289.08pt>
File: Reconstruction-TD_100_NP_8_plots.pdf Graphic file (type pdf)

<use Reconstruction-TD_100_NP_8_plots.pdf, page 3>
Package pdftex.def Info: Reconstruction-TD_100_NP_8_plots.pdf, page3 used on in
put line 44.
(pdftex.def)             Requested size: 1300.85684pt x 289.07928pt.
File: Reconstruction-TD_100_NP_8_plots.pdf Graphic file (type pdf)

<use Reconstruction-TD_100_NP_8_plots.pdf, page 3>
Package pdftex.def Info: Reconstruction-TD_100_NP_8_plots.pdf, page3 used on in
put line 44.
(pdftex.def)             Requested size: 1300.85684pt x 289.07928pt.

<Reconstruction-TD_100_NP_8_plots.pdf, id=92, page=4, 1300.86pt x 289.08pt>
File: Reconstruction-TD_100_NP_8_plots.pdf Graphic file (type pdf)

<use Reconstruction-TD_100_NP_8_plots.pdf, page 4>
Package pdftex.def Info: Reconstruction-TD_100_NP_8_plots.pdf, page4 used on in
put line 44.
(pdftex.def)             Requested size: 1300.85684pt x 289.07928pt.
File: Reconstruction-TD_100_NP_8_plots.pdf Graphic file (type pdf)

<use Reconstruction-TD_100_NP_8_plots.pdf, page 4>
Package pdftex.def Info: Reconstruction-TD_100_NP_8_plots.pdf, page4 used on in
put line 44.
(pdftex.def)             Requested size: 1300.85684pt x 289.07928pt.
File: Reconstruction-TD_100_NP_8_plots.pdf Graphic file (type pdf)

<use Reconstruction-TD_100_NP_8_plots.pdf, page 1>
Package pdftex.def Info: Reconstruction-TD_100_NP_8_plots.pdf, page1 used on in
put line 44.
(pdftex.def)             Requested size: 1300.85684pt x 289.07928pt.
File: Reconstruction-TD_100_NP_8_plots.pdf Graphic file (type pdf)

<use Reconstruction-TD_100_NP_8_plots.pdf, page 2>
Package pdftex.def Info: Reconstruction-TD_100_NP_8_plots.pdf, page2 used on in
put line 44.
(pdftex.def)             Requested size: 1300.85684pt x 289.07928pt.
File: Reconstruction-TD_100_NP_8_plots.pdf Graphic file (type pdf)

<use Reconstruction-TD_100_NP_8_plots.pdf, page 3>
Package pdftex.def Info: Reconstruction-TD_100_NP_8_plots.pdf, page3 used on in
put line 44.
(pdftex.def)             Requested size: 1300.85684pt x 289.07928pt.
File: Reconstruction-TD_100_NP_8_plots.pdf Graphic file (type pdf)

<use Reconstruction-TD_100_NP_8_plots.pdf, page 4>
Package pdftex.def Info: Reconstruction-TD_100_NP_8_plots.pdf, page4 used on in
put line 44.
(pdftex.def)             Requested size: 1300.85684pt x 289.07928pt.
 [3 <./Reconstruction-TD_100_NP_8_plots.pdf> <./Reconstruction-TD_100_NP_8_plot
s.pdf

pdfTeX warning: pdflatex (file ./Reconstruction-TD_100_NP_8_plots.pdf): PDF inc
lusion: multiple pdfs with page group included in a single page
> <./Reconstruction-TD_100_NP_8_plots.pdf

pdfTeX warning: pdflatex (file ./Reconstruction-TD_100_NP_8_plots.pdf): PDF inc
lusion: multiple pdfs with page group included in a single page
> <./Reconstruction-TD_100_NP_8_plots.pdf

pdfTeX warning: pdflatex (file ./Reconstruction-TD_100_NP_8_plots.pdf): PDF inc
lusion: multiple pdfs with page group included in a single page
>]
<Reconstruction-TD_100_NP_8_plots.pdf, id=209, page=5, 1300.86pt x 289.08pt>
File: Reconstruction-TD_100_NP_8_plots.pdf Graphic file (type pdf)

<use Reconstruction-TD_100_NP_8_plots.pdf, page 5>
Package pdftex.def Info: Reconstruction-TD_100_NP_8_plots.pdf, page5 used on in
put line 44.
(pdftex.def)             Requested size: 1300.85684pt x 289.07928pt.
File: Reconstruction-TD_100_NP_8_plots.pdf Graphic file (type pdf)

<use Reconstruction-TD_100_NP_8_plots.pdf, page 5>
Package pdftex.def Info: Reconstruction-TD_100_NP_8_plots.pdf, page5 used on in
put line 44.
(pdftex.def)             Requested size: 1300.85684pt x 289.07928pt.

<Reconstruction-TD_100_NP_8_plots.pdf, id=210, page=6, 1300.86pt x 289.08pt>
File: Reconstruction-TD_100_NP_8_plots.pdf Graphic file (type pdf)

<use Reconstruction-TD_100_NP_8_plots.pdf, page 6>
Package pdftex.def Info: Reconstruction-TD_100_NP_8_plots.pdf, page6 used on in
put line 44.
(pdftex.def)             Requested size: 1300.85684pt x 289.07928pt.
File: Reconstruction-TD_100_NP_8_plots.pdf Graphic file (type pdf)

<use Reconstruction-TD_100_NP_8_plots.pdf, page 6>
Package pdftex.def Info: Reconstruction-TD_100_NP_8_plots.pdf, page6 used on in
put line 44.
(pdftex.def)             Requested size: 1300.85684pt x 289.07928pt.

<Reconstruction-TD_100_NP_8_plots.pdf, id=211, page=7, 1300.86pt x 289.08pt>
File: Reconstruction-TD_100_NP_8_plots.pdf Graphic file (type pdf)

<use Reconstruction-TD_100_NP_8_plots.pdf, page 7>
Package pdftex.def Info: Reconstruction-TD_100_NP_8_plots.pdf, page7 used on in
put line 44.
(pdftex.def)             Requested size: 1300.85684pt x 289.07928pt.
File: Reconstruction-TD_100_NP_8_plots.pdf Graphic file (type pdf)

<use Reconstruction-TD_100_NP_8_plots.pdf, page 7>
Package pdftex.def Info: Reconstruction-TD_100_NP_8_plots.pdf, page7 used on in
put line 44.
(pdftex.def)             Requested size: 1300.85684pt x 289.07928pt.

<Reconstruction-TD_100_NP_8_plots.pdf, id=212, page=8, 1300.86pt x 289.08pt>
File: Reconstruction-TD_100_NP_8_plots.pdf Graphic file (type pdf)

<use Reconstruction-TD_100_NP_8_plots.pdf, page 8>
Package pdftex.def Info: Reconstruction-TD_100_NP_8_plots.pdf, page8 used on in
put line 44.
(pdftex.def)             Requested size: 1300.85684pt x 289.07928pt.
File: Reconstruction-TD_100_NP_8_plots.pdf Graphic file (type pdf)

<use Reconstruction-TD_100_NP_8_plots.pdf, page 8>
Package pdftex.def Info: Reconstruction-TD_100_NP_8_plots.pdf, page8 used on in
put line 44.
(pdftex.def)             Requested size: 1300.85684pt x 289.07928pt.
File: Reconstruction-TD_100_NP_8_plots.pdf Graphic file (type pdf)

<use Reconstruction-TD_100_NP_8_plots.pdf, page 5>
Package pdftex.def Info: Reconstruction-TD_100_NP_8_plots.pdf, page5 used on in
put line 44.
(pdftex.def)             Requested size: 1300.85684pt x 289.07928pt.
File: Reconstruction-TD_100_NP_8_plots.pdf Graphic file (type pdf)

<use Reconstruction-TD_100_NP_8_plots.pdf, page 6>
Package pdftex.def Info: Reconstruction-TD_100_NP_8_plots.pdf, page6 used on in
put line 44.
(pdftex.def)             Requested size: 1300.85684pt x 289.07928pt.
File: Reconstruction-TD_100_NP_8_plots.pdf Graphic file (type pdf)

<use Reconstruction-TD_100_NP_8_plots.pdf, page 7>
Package pdftex.def Info: Reconstruction-TD_100_NP_8_plots.pdf, page7 used on in
put line 44.
(pdftex.def)             Requested size: 1300.85684pt x 289.07928pt.
File: Reconstruction-TD_100_NP_8_plots.pdf Graphic file (type pdf)

<use Reconstruction-TD_100_NP_8_plots.pdf, page 8>
Package pdftex.def Info: Reconstruction-TD_100_NP_8_plots.pdf, page8 used on in
put line 44.
(pdftex.def)             Requested size: 1300.85684pt x 289.07928pt.
 [4 <./Reconstruction-TD_100_NP_8_plots.pdf> <./Reconstruction-TD_100_NP_8_plot
s.pdf

pdfTeX warning: pdflatex (file ./Reconstruction-TD_100_NP_8_plots.pdf): PDF inc
lusion: multiple pdfs with page group included in a single page
> <./Reconstruction-TD_100_NP_8_plots.pdf

pdfTeX warning: pdflatex (file ./Reconstruction-TD_100_NP_8_plots.pdf): PDF inc
lusion: multiple pdfs with page group included in a single page
> <./Reconstruction-TD_100_NP_8_plots.pdf

pdfTeX warning: pdflatex (file ./Reconstruction-TD_100_NP_8_plots.pdf): PDF inc
lusion: multiple pdfs with page group included in a single page
>]
<Reconstruction-TD_100_NP_8_plots.pdf, id=217, page=9, 1300.86pt x 289.08pt>
File: Reconstruction-TD_100_NP_8_plots.pdf Graphic file (type pdf)

<use Reconstruction-TD_100_NP_8_plots.pdf, page 9>
Package pdftex.def Info: Reconstruction-TD_100_NP_8_plots.pdf, page9 used on in
put line 44.
(pdftex.def)             Requested size: 1300.85684pt x 289.07928pt.
File: Reconstruction-TD_100_NP_8_plots.pdf Graphic file (type pdf)

<use Reconstruction-TD_100_NP_8_plots.pdf, page 9>
Package pdftex.def Info: Reconstruction-TD_100_NP_8_plots.pdf, page9 used on in
put line 44.
(pdftex.def)             Requested size: 1300.85684pt x 289.07928pt.

<Reconstruction-TD_100_NP_8_plots.pdf, id=218, page=10, 1300.86pt x 289.08pt>
File: Reconstruction-TD_100_NP_8_plots.pdf Graphic file (type pdf)

<use Reconstruction-TD_100_NP_8_plots.pdf, page 10>
Package pdftex.def Info: Reconstruction-TD_100_NP_8_plots.pdf, page10 used on i
nput line 44.
(pdftex.def)             Requested size: 1300.85684pt x 289.07928pt.
File: Reconstruction-TD_100_NP_8_plots.pdf Graphic file (type pdf)

<use Reconstruction-TD_100_NP_8_plots.pdf, page 10>
Package pdftex.def Info: Reconstruction-TD_100_NP_8_plots.pdf, page10 used on i
nput line 44.
(pdftex.def)             Requested size: 1300.85684pt x 289.07928pt.
File: Reconstruction-TD_100_NP_8_plots.pdf Graphic file (type pdf)

<use Reconstruction-TD_100_NP_8_plots.pdf, page 1>
Package pdftex.def Info: Reconstruction-TD_100_NP_8_plots.pdf, page1 used on in
put line 44.
(pdftex.def)             Requested size: 1300.85684pt x 289.07928pt.
File: Reconstruction-TD_100_NP_8_plots.pdf Graphic file (type pdf)

<use Reconstruction-TD_100_NP_8_plots.pdf, page 1>
Package pdftex.def Info: Reconstruction-TD_100_NP_8_plots.pdf, page1 used on in
put line 44.
(pdftex.def)             Requested size: 1300.85684pt x 289.07928pt.
File: Reconstruction-TD_100_NP_8_plots.pdf Graphic file (type pdf)

<use Reconstruction-TD_100_NP_8_plots.pdf, page 1>
Package pdftex.def Info: Reconstruction-TD_100_NP_8_plots.pdf, page1 used on in
put line 44.
(pdftex.def)             Requested size: 1300.85684pt x 289.07928pt.
File: Reconstruction-TD_100_NP_8_plots.pdf Graphic file (type pdf)

<use Reconstruction-TD_100_NP_8_plots.pdf, page 1>
Package pdftex.def Info: Reconstruction-TD_100_NP_8_plots.pdf, page1 used on in
put line 44.
(pdftex.def)             Requested size: 1300.85684pt x 289.07928pt.
File: Reconstruction-TD_100_NP_8_plots.pdf Graphic file (type pdf)

<use Reconstruction-TD_100_NP_8_plots.pdf, page 9>
Package pdftex.def Info: Reconstruction-TD_100_NP_8_plots.pdf, page9 used on in
put line 44.
(pdftex.def)             Requested size: 1300.85684pt x 289.07928pt.
File: Reconstruction-TD_100_NP_8_plots.pdf Graphic file (type pdf)

<use Reconstruction-TD_100_NP_8_plots.pdf, page 10>
Package pdftex.def Info: Reconstruction-TD_100_NP_8_plots.pdf, page10 used on i
nput line 44.
(pdftex.def)             Requested size: 1300.85684pt x 289.07928pt.
 [5 <./Reconstruction-TD_100_NP_8_plots.pdf> <./Reconstruction-TD_100_NP_8_plot
s.pdf

pdfTeX warning: pdflatex (file ./Reconstruction-TD_100_NP_8_plots.pdf): PDF inc
lusion: multiple pdfs with page group included in a single page
>] <corner-TD_100_NP_8.pdf, id=223, 397.485pt x 397.485pt>
File: corner-TD_100_NP_8.pdf Graphic file (type pdf)

<use corner-TD_100_NP_8.pdf>
Package pdftex.def Info: corner-TD_100_NP_8.pdf used on input line 47.
(pdftex.def)             Requested size: 397.48402pt x 397.48402pt.
File: corner-TD_100_NP_8.pdf Graphic file (type pdf)
 <use corner-TD_100_NP_8.pdf>
Package pdftex.def Info: corner-TD_100_NP_8.pdf used on input line 47.
(pdftex.def)             Requested size: 397.48402pt x 397.48402pt.

<corner-TD_100_NP_8.pdf, id=226, page=1, 397.485pt x 397.485pt>
File: corner-TD_100_NP_8.pdf Graphic file (type pdf)

<use corner-TD_100_NP_8.pdf, page 1>
Package pdftex.def Info: corner-TD_100_NP_8.pdf, page1 used on input line 47.
(pdftex.def)             Requested size: 397.48402pt x 397.48402pt.
File: corner-TD_100_NP_8.pdf Graphic file (type pdf)
 <use corner-TD_100_NP_8.pdf, page 1>
Package pdftex.def Info: corner-TD_100_NP_8.pdf, page1 used on input line 47.
(pdftex.def)             Requested size: 397.48402pt x 397.48402pt.
File: corner-TD_100_NP_8.pdf Graphic file (type pdf)

<use corner-TD_100_NP_8.pdf, page 1>
Package pdftex.def Info: corner-TD_100_NP_8.pdf, page1 used on input line 47.
(pdftex.def)             Requested size: 397.48402pt x 397.48402pt.
File: corner-TD_100_NP_8.pdf Graphic file (type pdf)
 <use corner-TD_100_NP_8.pdf, page 1>
Package pdftex.def Info: corner-TD_100_NP_8.pdf, page1 used on input line 47.
(pdftex.def)             Requested size: 397.48402pt x 397.48402pt.

<corner-TD_100_NP_8.pdf, id=227, page=2, 397.485pt x 397.485pt>
File: corner-TD_100_NP_8.pdf Graphic file (type pdf)

<use corner-TD_100_NP_8.pdf, page 2>
Package pdftex.def Info: corner-TD_100_NP_8.pdf, page2 used on input line 47.
(pdftex.def)             Requested size: 397.48402pt x 397.48402pt.
File: corner-TD_100_NP_8.pdf Graphic file (type pdf)
 <use corner-TD_100_NP_8.pdf, page 2>
Package pdftex.def Info: corner-TD_100_NP_8.pdf, page2 used on input line 47.
(pdftex.def)             Requested size: 397.48402pt x 397.48402pt.

<corner-TD_100_NP_8.pdf, id=228, page=3, 397.485pt x 397.485pt>
File: corner-TD_100_NP_8.pdf Graphic file (type pdf)

<use corner-TD_100_NP_8.pdf, page 3>
Package pdftex.def Info: corner-TD_100_NP_8.pdf, page3 used on input line 47.
(pdftex.def)             Requested size: 397.48402pt x 397.48402pt.
File: corner-TD_100_NP_8.pdf Graphic file (type pdf)
 <use corner-TD_100_NP_8.pdf, page 3>
Package pdftex.def Info: corner-TD_100_NP_8.pdf, page3 used on input line 47.
(pdftex.def)             Requested size: 397.48402pt x 397.48402pt.

<corner-TD_100_NP_8.pdf, id=229, page=4, 397.485pt x 397.485pt>
File: corner-TD_100_NP_8.pdf Graphic file (type pdf)

<use corner-TD_100_NP_8.pdf, page 4>
Package pdftex.def Info: corner-TD_100_NP_8.pdf, page4 used on input line 47.
(pdftex.def)             Requested size: 397.48402pt x 397.48402pt.
File: corner-TD_100_NP_8.pdf Graphic file (type pdf)
 <use corner-TD_100_NP_8.pdf, page 4>
Package pdftex.def Info: corner-TD_100_NP_8.pdf, page4 used on input line 47.
(pdftex.def)             Requested size: 397.48402pt x 397.48402pt.
File: corner-TD_100_NP_8.pdf Graphic file (type pdf)

<use corner-TD_100_NP_8.pdf, page 1>
Package pdftex.def Info: corner-TD_100_NP_8.pdf, page1 used on input line 47.
(pdftex.def)             Requested size: 397.48402pt x 397.48402pt.
File: corner-TD_100_NP_8.pdf Graphic file (type pdf)
 <use corner-TD_100_NP_8.pdf, page 2>
Package pdftex.def Info: corner-TD_100_NP_8.pdf, page2 used on input line 47.
(pdftex.def)             Requested size: 397.48402pt x 397.48402pt.
File: corner-TD_100_NP_8.pdf Graphic file (type pdf)

<use corner-TD_100_NP_8.pdf, page 3>
Package pdftex.def Info: corner-TD_100_NP_8.pdf, page3 used on input line 47.
(pdftex.def)             Requested size: 397.48402pt x 397.48402pt.
File: corner-TD_100_NP_8.pdf Graphic file (type pdf)
 <use corner-TD_100_NP_8.pdf, page 4>
Package pdftex.def Info: corner-TD_100_NP_8.pdf, page4 used on input line 47.
(pdftex.def)             Requested size: 397.48402pt x 397.48402pt.

[6 <./corner-TD_100_NP_8.pdf> <./corner-TD_100_NP_8.pdf

pdfTeX warning: pdflatex (file ./corner-TD_100_NP_8.pdf): PDF inclusion: multip
le pdfs with page group included in a single page
> <./corner-TD_100_NP_8.pdf

pdfTeX warning: pdflatex (file ./corner-TD_100_NP_8.pdf): PDF inclusion: multip
le pdfs with page group included in a single page
> <./corner-TD_100_NP_8.pdf

pdfTeX warning: pdflatex (file ./corner-TD_100_NP_8.pdf): PDF inclusion: multip
le pdfs with page group included in a single page
>] <corner-TD_100_NP_8.pdf, id=301, page=5, 397.485pt x 397.485pt>
File: corner-TD_100_NP_8.pdf Graphic file (type pdf)

<use corner-TD_100_NP_8.pdf, page 5>
Package pdftex.def Info: corner-TD_100_NP_8.pdf, page5 used on input line 47.
(pdftex.def)             Requested size: 397.48402pt x 397.48402pt.
File: corner-TD_100_NP_8.pdf Graphic file (type pdf)
 <use corner-TD_100_NP_8.pdf, page 5>
Package pdftex.def Info: corner-TD_100_NP_8.pdf, page5 used on input line 47.
(pdftex.def)             Requested size: 397.48402pt x 397.48402pt.

<corner-TD_100_NP_8.pdf, id=302, page=6, 397.485pt x 397.485pt>
File: corner-TD_100_NP_8.pdf Graphic file (type pdf)

<use corner-TD_100_NP_8.pdf, page 6>
Package pdftex.def Info: corner-TD_100_NP_8.pdf, page6 used on input line 47.
(pdftex.def)             Requested size: 397.48402pt x 397.48402pt.
File: corner-TD_100_NP_8.pdf Graphic file (type pdf)
 <use corner-TD_100_NP_8.pdf, page 6>
Package pdftex.def Info: corner-TD_100_NP_8.pdf, page6 used on input line 47.
(pdftex.def)             Requested size: 397.48402pt x 397.48402pt.

<corner-TD_100_NP_8.pdf, id=303, page=7, 397.485pt x 397.485pt>
File: corner-TD_100_NP_8.pdf Graphic file (type pdf)

<use corner-TD_100_NP_8.pdf, page 7>
Package pdftex.def Info: corner-TD_100_NP_8.pdf, page7 used on input line 47.
(pdftex.def)             Requested size: 397.48402pt x 397.48402pt.
File: corner-TD_100_NP_8.pdf Graphic file (type pdf)
 <use corner-TD_100_NP_8.pdf, page 7>
Package pdftex.def Info: corner-TD_100_NP_8.pdf, page7 used on input line 47.
(pdftex.def)             Requested size: 397.48402pt x 397.48402pt.

<corner-TD_100_NP_8.pdf, id=304, page=8, 397.485pt x 397.485pt>
File: corner-TD_100_NP_8.pdf Graphic file (type pdf)

<use corner-TD_100_NP_8.pdf, page 8>
Package pdftex.def Info: corner-TD_100_NP_8.pdf, page8 used on input line 47.
(pdftex.def)             Requested size: 397.48402pt x 397.48402pt.
File: corner-TD_100_NP_8.pdf Graphic file (type pdf)
 <use corner-TD_100_NP_8.pdf, page 8>
Package pdftex.def Info: corner-TD_100_NP_8.pdf, page8 used on input line 47.
(pdftex.def)             Requested size: 397.48402pt x 397.48402pt.
File: corner-TD_100_NP_8.pdf Graphic file (type pdf)

<use corner-TD_100_NP_8.pdf, page 5>
Package pdftex.def Info: corner-TD_100_NP_8.pdf, page5 used on input line 47.
(pdftex.def)             Requested size: 397.48402pt x 397.48402pt.
File: corner-TD_100_NP_8.pdf Graphic file (type pdf)
 <use corner-TD_100_NP_8.pdf, page 6>
Package pdftex.def Info: corner-TD_100_NP_8.pdf, page6 used on input line 47.
(pdftex.def)             Requested size: 397.48402pt x 397.48402pt.
File: corner-TD_100_NP_8.pdf Graphic file (type pdf)

<use corner-TD_100_NP_8.pdf, page 7>
Package pdftex.def Info: corner-TD_100_NP_8.pdf, page7 used on input line 47.
(pdftex.def)             Requested size: 397.48402pt x 397.48402pt.
File: corner-TD_100_NP_8.pdf Graphic file (type pdf)
 <use corner-TD_100_NP_8.pdf, page 8>
Package pdftex.def Info: corner-TD_100_NP_8.pdf, page8 used on input line 47.
(pdftex.def)             Requested size: 397.48402pt x 397.48402pt.

[7 <./corner-TD_100_NP_8.pdf> <./corner-TD_100_NP_8.pdf

pdfTeX warning: pdflatex (file ./corner-TD_100_NP_8.pdf): PDF inclusion: multip
le pdfs with page group included in a single page
> <./corner-TD_100_NP_8.pdf

pdfTeX warning: pdflatex (file ./corner-TD_100_NP_8.pdf): PDF inclusion: multip
le pdfs with page group included in a single page
> <./corner-TD_100_NP_8.pdf

pdfTeX warning: pdflatex (file ./corner-TD_100_NP_8.pdf): PDF inclusion: multip
le pdfs with page group included in a single page
>] <corner-TD_100_NP_8.pdf, id=310, page=9, 397.485pt x 397.485pt>
File: corner-TD_100_NP_8.pdf Graphic file (type pdf)

<use corner-TD_100_NP_8.pdf, page 9>
Package pdftex.def Info: corner-TD_100_NP_8.pdf, page9 used on input line 47.
(pdftex.def)             Requested size: 397.48402pt x 397.48402pt.
File: corner-TD_100_NP_8.pdf Graphic file (type pdf)
 <use corner-TD_100_NP_8.pdf, page 9>
Package pdftex.def Info: corner-TD_100_NP_8.pdf, page9 used on input line 47.
(pdftex.def)             Requested size: 397.48402pt x 397.48402pt.

<corner-TD_100_NP_8.pdf, id=311, page=10, 397.485pt x 397.485pt>
File: corner-TD_100_NP_8.pdf Graphic file (type pdf)

<use corner-TD_100_NP_8.pdf, page 10>
Package pdftex.def Info: corner-TD_100_NP_8.pdf, page10 used on input line 47.
(pdftex.def)             Requested size: 397.48402pt x 397.48402pt.
File: corner-TD_100_NP_8.pdf Graphic file (type pdf)
 <use corner-TD_100_NP_8.pdf, page 10>
Package pdftex.def Info: corner-TD_100_NP_8.pdf, page10 used on input line 47.
(pdftex.def)             Requested size: 397.48402pt x 397.48402pt.
File: corner-TD_100_NP_8.pdf Graphic file (type pdf)

<use corner-TD_100_NP_8.pdf, page 1>
Package pdftex.def Info: corner-TD_100_NP_8.pdf, page1 used on input line 47.
(pdftex.def)             Requested size: 397.48402pt x 397.48402pt.
File: corner-TD_100_NP_8.pdf Graphic file (type pdf)
 <use corner-TD_100_NP_8.pdf, page 1>
Package pdftex.def Info: corner-TD_100_NP_8.pdf, page1 used on input line 47.
(pdftex.def)             Requested size: 397.48402pt x 397.48402pt.
File: corner-TD_100_NP_8.pdf Graphic file (type pdf)

<use corner-TD_100_NP_8.pdf, page 1>
Package pdftex.def Info: corner-TD_100_NP_8.pdf, page1 used on input line 47.
(pdftex.def)             Requested size: 397.48402pt x 397.48402pt.
File: corner-TD_100_NP_8.pdf Graphic file (type pdf)
 <use corner-TD_100_NP_8.pdf, page 1>
Package pdftex.def Info: corner-TD_100_NP_8.pdf, page1 used on input line 47.
(pdftex.def)             Requested size: 397.48402pt x 397.48402pt.
File: corner-TD_100_NP_8.pdf Graphic file (type pdf)

<use corner-TD_100_NP_8.pdf, page 9>
Package pdftex.def Info: corner-TD_100_NP_8.pdf, page9 used on input line 47.
(pdftex.def)             Requested size: 397.48402pt x 397.48402pt.
File: corner-TD_100_NP_8.pdf Graphic file (type pdf)
 <use corner-TD_100_NP_8.pdf, page 10>
Package pdftex.def Info: corner-TD_100_NP_8.pdf, page10 used on input line 47.
(pdftex.def)             Requested size: 397.48402pt x 397.48402pt.

[8 <./corner-TD_100_NP_8.pdf> <./corner-TD_100_NP_8.pdf

pdfTeX warning: pdflatex (file ./corner-TD_100_NP_8.pdf): PDF inclusion: multip
le pdfs with page group included in a single page
>] (./Reconstruction-TD_100_NP_8_Summary.aux) ) 
Here is how much of TeX's memory you used:
 2902 strings out of 494953
 43678 string characters out of 6180977
 102920 words of memory out of 5000000
 6157 multiletter control sequences out of 15000+600000
 4553 words of font info for 17 fonts, out of 8000000 for 9000
 14 hyphenation exceptions out of 8191
 41i,19n,49p,768b,436s stack positions out of 5000i,500n,10000p,200000b,80000s
</usr/share/texlive/texmf-dist/f
onts/type1/public/amsfonts/cm/cmbx10.pfb></usr/share/texlive/texmf-dist/fonts/t
ype1/public/amsfonts/cm/cmbx12.pfb></usr/share/texlive/texmf-dist/fonts/type1/p
ublic/amsfonts/cm/cmmi10.pfb></usr/share/texlive/texmf-dist/fonts/type1/public/
amsfonts/cm/cmmi7.pfb></usr/share/texlive/texmf-dist/fonts/type1/public/amsfont
s/cm/cmr10.pfb>
Output written on Reconstruction-TD_100_NP_8_Summary.pdf (8 pages, 420968 bytes
).
PDF statistics:
 334 PDF objects out of 1000 (max. 8388607)
 91 compressed objects within 1 object stream
 0 named destinations out of 1000 (max. 500000)
 156 words of extra memory for PDF output out of 10000 (max. 10000000)

